app/build/intermediates/manifest_merge_blame_file/debug/manifest-merger-blame-debug-report.txt
1<?xml version="1.0" encoding="utf-8"?>
2<manifest xmlns:android="http://schemas.android.com/apk/res/android"
3    package="com.example.projectv4"
4    android:versionCode="1"
5    android:versionName="1.0" >
6
7    <uses-sdk
8        android:minSdkVersion="26"
8-->src/main/AndroidManifest.xml
9        android:targetSdkVersion="32" />
9-->src/main/AndroidManifest.xml
10
11    <application
11-->src/main/AndroidManifest.xml:5:5-45:19
12        android:allowBackup="true"
12-->src/main/AndroidManifest.xml:6:13-39
13        android:appComponentFactory="androidx.core.app.CoreComponentFactory"
13-->[androidx.core:core:1.7.0] AndroidManifest.xml:24:18-86
14        android:debuggable="true"
15        android:extractNativeLibs="false"
16        android:icon="@mipmap/ic_launcher"
16-->src/main/AndroidManifest.xml:7:13-47
17        android:label="@string/app_name"
17-->src/main/AndroidManifest.xml:8:13-45
18        android:roundIcon="@mipmap/ic_launcher_round"
18-->src/main/AndroidManifest.xml:9:13-58
19        android:supportsRtl="true"
19-->src/main/AndroidManifest.xml:10:13-39
20        android:testOnly="true"
21        android:theme="@style/Theme.ProjectV4" >
21-->src/main/AndroidManifest.xml:11:13-51
22        <activity
22-->src/main/AndroidManifest.xml:12:9-21:20
23            android:name="com.example.projectv4.ui.SplachActivity"
23-->src/main/AndroidManifest.xml:13:17-50
24            android:exported="true"
24-->src/main/AndroidManifest.xml:14:17-40
25            android:theme="@style/Theme.ProjectV4.splach" >
25-->src/main/AndroidManifest.xml:15:17-62
26            <intent-filter>
26-->src/main/AndroidManifest.xml:17:13-20:29
27                <action android:name="android.intent.action.MAIN" />
27-->src/main/AndroidManifest.xml:18:17-68
27-->src/main/AndroidManifest.xml:18:25-66
28
29                <category android:name="android.intent.category.LAUNCHER" />
29-->src/main/AndroidManifest.xml:19:17-76
29-->src/main/AndroidManifest.xml:19:27-74
30            </intent-filter>
31        </activity>
32        <activity
32-->src/main/AndroidManifest.xml:23:9-26:20
33            android:name="com.example.projectv4.ui.LoginActivity"
33-->src/main/AndroidManifest.xml:24:17-49
34            android:exported="true" >
34-->src/main/AndroidManifest.xml:25:17-40
35        </activity>
36        <activity
36-->src/main/AndroidManifest.xml:27:9-31:20
37            android:name="com.example.projectv4.ui.SignupActivity"
37-->src/main/AndroidManifest.xml:28:17-50
38            android:exported="true"
38-->src/main/AndroidManifest.xml:29:17-40
39            android:parentActivityName="com.example.projectv4.ui.LoginActivity" >
39-->src/main/AndroidManifest.xml:30:17-63
40        </activity>
41        <activity
41-->src/main/AndroidManifest.xml:32:9-37:20
42            android:name="com.example.projectv4.ui.app.AthletesActivity"
42-->src/main/AndroidManifest.xml:33:17-56
43            android:exported="true"
43-->src/main/AndroidManifest.xml:34:17-40
44            android:parentActivityName="com.example.projectv4.ui.LoginActivity" >
44-->src/main/AndroidManifest.xml:35:17-63
45        </activity>
46        <activity
46-->src/main/AndroidManifest.xml:38:9-43:20
47            android:name="com.example.projectv4.ui.app.MainActivity"
47-->src/main/AndroidManifest.xml:39:17-52
48            android:exported="true"
48-->src/main/AndroidManifest.xml:40:17-40
49            android:parentActivityName="com.example.projectv4.ui.LoginActivity"
49-->src/main/AndroidManifest.xml:42:17-63
50            android:theme="@style/Theme.AppCompat.DayNight.NoActionBar" >
50-->src/main/AndroidManifest.xml:41:17-76
51        </activity>
52
53        <provider
53-->[androidx.emoji2:emoji2:1.0.0] AndroidManifest.xml:26:9-34:20
54            android:name="androidx.startup.InitializationProvider"
54-->[androidx.emoji2:emoji2:1.0.0] AndroidManifest.xml:27:13-67
55            android:authorities="com.example.projectv4.androidx-startup"
55-->[androidx.emoji2:emoji2:1.0.0] AndroidManifest.xml:28:13-68
56            android:exported="false" >
56-->[androidx.emoji2:emoji2:1.0.0] AndroidManifest.xml:29:13-37
57            <meta-data
57-->[androidx.emoji2:emoji2:1.0.0] AndroidManifest.xml:31:13-33:52
58                android:name="androidx.emoji2.text.EmojiCompatInitializer"
58-->[androidx.emoji2:emoji2:1.0.0] AndroidManifest.xml:32:17-75
59                android:value="androidx.startup" />
59-->[androidx.emoji2:emoji2:1.0.0] AndroidManifest.xml:33:17-49
60            <meta-data
60-->[androidx.lifecycle:lifecycle-process:2.4.0] AndroidManifest.xml:31:13-33:52
61                android:name="androidx.lifecycle.ProcessLifecycleInitializer"
61-->[androidx.lifecycle:lifecycle-process:2.4.0] AndroidManifest.xml:32:17-78
62                android:value="androidx.startup" />
62-->[androidx.lifecycle:lifecycle-process:2.4.0] AndroidManifest.xml:33:17-49
63        </provider>
64    </application>
65
66</manifest>